# JRE version: OpenJDK Runtime Environment (8.0_202-b03) (build 1.8.0_202-release-1483-b03)
# Java VM: OpenJDK 64-Bit Server VM (25.202-b03 mixed mode windows-amd64 compressed oops)
Heap:
 PSYoungGen      total 76800K, used 7295K [0x00000000e0000000, 0x00000000e5500000, 0x0000000100000000)
  eden space 66560K, 10% used [0x00000000e0000000,0x00000000e071fc28,0x00000000e4100000)
  from space 10240K, 0% used [0x00000000e4100000,0x00000000e4100000,0x00000000e4b00000)
  to   space 9728K, 0% used [0x00000000e4b80000,0x00000000e4b80000,0x00000000e5500000)
 ParOldGen       total 53760K, used 16489K [0x00000000a0000000, 0x00000000a3480000, 0x00000000e0000000)
  object space 53760K, 30% used [0x00000000a0000000,0x00000000a101a4f0,0x00000000a3480000)
 Metaspace       used 35451K, capacity 36068K, committed 36568K, reserved 1081344K
  class space    used 4869K, capacity 5039K, committed 5120K, reserved 1048576K
GC Heap History (10 events):
Event: 5.099 GC heap before
{Heap before GC invocations=7 (full 1):
 PSYoungGen      total 76288K, used 6759K [0x00000000e0000000, 0x00000000e5500000, 0x0000000100000000)
  eden space 66560K, 0% used [0x00000000e0000000,0x00000000e0000000,0x00000000e4100000)
  from space 9728K, 69% used [0x00000000e4b80000,0x00000000e5219d60,0x00000000e5500000)
  to   space 10240K, 0% used [0x00000000e4100000,0x00000000e4100000,0x00000000e4b00000)
 ParOldGen       total 87552K, used 8525K [0x00000000a0000000, 0x00000000a5580000, 0x00000000e0000000)
  object space 87552K, 9% used [0x00000000a0000000,0x00000000a08534b8,0x00000000a5580000)
 Metaspace       used 20778K, capacity 21112K, committed 21248K, reserved 1067008K
  class space    used 2918K, capacity 3062K, committed 3072K, reserved 1048576K
Event: 5.134 GC heap after
Heap after GC invocations=7 (full 1):
 PSYoungGen      total 76288K, used 0K [0x00000000e0000000, 0x00000000e5500000, 0x0000000100000000)
  eden space 66560K, 0% used [0x00000000e0000000,0x00000000e0000000,0x00000000e4100000)
  from space 9728K, 0% used [0x00000000e4b80000,0x00000000e4b80000,0x00000000e5500000)
  to   space 10240K, 0% used [0x00000000e4100000,0x00000000e4100000,0x00000000e4b00000)
 ParOldGen       total 53760K, used 8965K [0x00000000a0000000, 0x00000000a3480000, 0x00000000e0000000)
  object space 53760K, 16% used [0x00000000a0000000,0x00000000a08c14b0,0x00000000a3480000)
 Metaspace       used 20778K, capacity 21112K, committed 21248K, reserved 1067008K
  class space    used 2918K, capacity 3062K, committed 3072K, reserved 1048576K
}
Event: 6.033 GC heap before
{Heap before GC invocations=8 (full 1):
 PSYoungGen      total 76288K, used 66560K [0x00000000e0000000, 0x00000000e5500000, 0x0000000100000000)
  eden space 66560K, 100% used [0x00000000e0000000,0x00000000e4100000,0x00000000e4100000)
  from space 9728K, 0% used [0x00000000e4b80000,0x00000000e4b80000,0x00000000e5500000)
  to   space 10240K, 0% used [0x00000000e4100000,0x00000000e4100000,0x00000000e4b00000)
 ParOldGen       total 53760K, used 8965K [0x00000000a0000000, 0x00000000a3480000, 0x00000000e0000000)
  object space 53760K, 16% used [0x00000000a0000000,0x00000000a08c14b0,0x00000000a3480000)
 Metaspace       used 28670K, capacity 29112K, committed 29440K, reserved 1075200K
  class space    used 3862K, capacity 4011K, committed 4096K, reserved 1048576K
Event: 6.040 GC heap after
Heap after GC invocations=8 (full 1):
 PSYoungGen      total 76800K, used 7823K [0x00000000e0000000, 0x00000000e5500000, 0x0000000100000000)
  eden space 66560K, 0% used [0x00000000e0000000,0x00000000e0000000,0x00000000e4100000)
  from space 10240K, 76% used [0x00000000e4100000,0x00000000e48a3f08,0x00000000e4b00000)
  to   space 9728K, 0% used [0x00000000e4b80000,0x00000000e4b80000,0x00000000e5500000)
 ParOldGen       total 53760K, used 8973K [0x00000000a0000000, 0x00000000a3480000, 0x00000000e0000000)
  object space 53760K, 16% used [0x00000000a0000000,0x00000000a08c34b0,0x00000000a3480000)
 Metaspace       used 28670K, capacity 29112K, committed 29440K, reserved 1075200K
  class space    used 3862K, capacity 4011K, committed 4096K, reserved 1048576K
}
Event: 6.478 GC heap before
{Heap before GC invocations=9 (full 1):
 PSYoungGen      total 76800K, used 74383K [0x00000000e0000000, 0x00000000e5500000, 0x0000000100000000)
  eden space 66560K, 100% used [0x00000000e0000000,0x00000000e4100000,0x00000000e4100000)
  from space 10240K, 76% used [0x00000000e4100000,0x00000000e48a3f08,0x00000000e4b00000)
  to   space 9728K, 0% used [0x00000000e4b80000,0x00000000e4b80000,0x00000000e5500000)
 ParOldGen       total 53760K, used 8973K [0x00000000a0000000, 0x00000000a3480000, 0x00000000e0000000)
  object space 53760K, 16% used [0x00000000a0000000,0x00000000a08c34b0,0x00000000a3480000)
 Metaspace       used 32080K, capacity 32560K, committed 33024K, reserved 1077248K
  class space    used 4411K, capacity 4563K, committed 4608K, reserved 1048576K
Event: 6.483 GC heap after
Heap after GC invocations=9 (full 1):
 PSYoungGen      total 76288K, used 8676K [0x00000000e0000000, 0x00000000e5500000, 0x0000000100000000)
  eden space 66560K, 0% used [0x00000000e0000000,0x00000000e0000000,0x00000000e4100000)
  from space 9728K, 89% used [0x00000000e4b80000,0x00000000e53f91b0,0x00000000e5500000)
  to   space 10240K, 0% used [0x00000000e4100000,0x00000000e4100000,0x00000000e4b00000)
 ParOldGen       total 53760K, used 8981K [0x00000000a0000000, 0x00000000a3480000, 0x00000000e0000000)
  object space 53760K, 16% used [0x00000000a0000000,0x00000000a08c54b0,0x00000000a3480000)
 Metaspace       used 32080K, capacity 32560K, committed 33024K, reserved 1077248K
  class space    used 4411K, capacity 4563K, committed 4608K, reserved 1048576K
}
Event: 7.144 GC heap before
{Heap before GC invocations=10 (full 1):
 PSYoungGen      total 76288K, used 56026K [0x00000000e0000000, 0x00000000e5500000, 0x0000000100000000)
  eden space 66560K, 71% used [0x00000000e0000000,0x00000000e2e3d678,0x00000000e4100000)
  from space 9728K, 89% used [0x00000000e4b80000,0x00000000e53f91b0,0x00000000e5500000)
  to   space 10240K, 0% used [0x00000000e4100000,0x00000000e4100000,0x00000000e4b00000)
 ParOldGen       total 53760K, used 8981K [0x00000000a0000000, 0x00000000a3480000, 0x00000000e0000000)
  object space 53760K, 16% used [0x00000000a0000000,0x00000000a08c54b0,0x00000000a3480000)
 Metaspace       used 34558K, capacity 35172K, committed 35416K, reserved 1079296K
  class space    used 4744K, capacity 4933K, committed 4992K, reserved 1048576K
Event: 7.156 GC heap after
Heap after GC invocations=10 (full 1):
 PSYoungGen      total 76800K, used 9900K [0x00000000e0000000, 0x00000000e5500000, 0x0000000100000000)
  eden space 66560K, 0% used [0x00000000e0000000,0x00000000e0000000,0x00000000e4100000)
  from space 10240K, 96% used [0x00000000e4100000,0x00000000e4aab208,0x00000000e4b00000)
  to   space 9728K, 0% used [0x00000000e4b80000,0x00000000e4b80000,0x00000000e5500000)
 ParOldGen       total 53760K, used 8989K [0x00000000a0000000, 0x00000000a3480000, 0x00000000e0000000)
  object space 53760K, 16% used [0x00000000a0000000,0x00000000a08c74b0,0x00000000a3480000)
 Metaspace       used 34558K, capacity 35172K, committed 35416K, reserved 1079296K
  class space    used 4744K, capacity 4933K, committed 4992K, reserved 1048576K
}
Event: 7.156 GC heap before
{Heap before GC invocations=11 (full 2):
 PSYoungGen      total 76800K, used 9900K [0x00000000e0000000, 0x00000000e5500000, 0x0000000100000000)
  eden space 66560K, 0% used [0x00000000e0000000,0x00000000e0000000,0x00000000e4100000)
  from space 10240K, 96% used [0x00000000e4100000,0x00000000e4aab208,0x00000000e4b00000)
  to   space 9728K, 0% used [0x00000000e4b80000,0x00000000e4b80000,0x00000000e5500000)
 ParOldGen       total 53760K, used 8989K [0x00000000a0000000, 0x00000000a3480000, 0x00000000e0000000)
  object space 53760K, 16% used [0x00000000a0000000,0x00000000a08c74b0,0x00000000a3480000)
 Metaspace       used 34558K, capacity 35172K, committed 35416K, reserved 1079296K
  class space    used 4744K, capacity 4933K, committed 4992K, reserved 1048576K
Event: 7.223 GC heap after
Heap after GC invocations=11 (full 2):
 PSYoungGen      total 76800K, used 0K [0x00000000e0000000, 0x00000000e5500000, 0x0000000100000000)
  eden space 66560K, 0% used [0x00000000e0000000,0x00000000e0000000,0x00000000e4100000)
  from space 10240K, 0% used [0x00000000e4100000,0x00000000e4100000,0x00000000e4b00000)
  to   space 9728K, 0% used [0x00000000e4b80000,0x00000000e4b80000,0x00000000e5500000)
 ParOldGen       total 53760K, used 16489K [0x00000000a0000000, 0x00000000a3480000, 0x00000000e0000000)
  object space 53760K, 30% used [0x00000000a0000000,0x00000000a101a4f0,0x00000000a3480000)
 Metaspace       used 34558K, capacity 35172K, committed 35416K, reserved 1079296K
  class space    used 4744K, capacity 4933K, committed 4992K, reserved 1048576K
}

